<?xml version="1.0" encoding="UTF-8"?>
<!-- Generated by org.testng.reporters.JUnitXMLReporter -->
<testsuite ignored="2" hostname="NBSB003BF8-TP" failures="0" tests="1" name="Default test" time="5.492" errors="0" timestamp="09 Dec 2022 19:18:18 GMT">
  <testcase classname="com.guru.IteratingThroughJsonResponse" name="pgm1" time="5.454"/>
  <testcase classname="com.guru.IteratingThroughJsonResponse" name="iterateResp" time="0.0">
    <ignored/>
  </testcase> <!-- iterateResp -->
  <testcase classname="com.guru.IteratingThroughJsonResponse" name="respIterate" time="0.0">
    <ignored/>
  </testcase> <!-- respIterate -->
</testsuite> <!-- Default test -->
