<?xml version="1.0" encoding="UTF-8"?>
<testng-results ignored="2" total="3" passed="1" failed="0" skipped="0">
  <reporter-output>
  </reporter-output>
  <suite started-at="2022-12-09T19:18:13Z" name="Default suite" finished-at="2022-12-09T19:18:18Z" duration-ms="5492">
    <groups>
    </groups>
    <test started-at="2022-12-09T19:18:13Z" name="Default test" finished-at="2022-12-09T19:18:18Z" duration-ms="5492">
      <class name="com.guru.IteratingThroughJsonResponse">
        <test-method signature="pgm1()[pri:0, instance:com.guru.IteratingThroughJsonResponse@3eb77ea8]" started-at="2022-12-09T19:18:13Z" name="pgm1" finished-at="2022-12-09T19:18:18Z" duration-ms="5454" status="PASS">
          <reporter-output>
          </reporter-output>
        </test-method> <!-- pgm1 -->
      </class> <!-- com.guru.IteratingThroughJsonResponse -->
    </test> <!-- Default test -->
  </suite> <!-- Default suite -->
</testng-results>
