<?xml version="1.0" encoding="UTF-8"?>
<testng-results ignored="0" total="1" passed="1" failed="0" skipped="0">
  <reporter-output>
  </reporter-output>
  <suite started-at="2022-12-11T18:26:12Z" name="Default suite" finished-at="2022-12-11T18:26:12Z" duration-ms="698">
    <groups>
    </groups>
    <test started-at="2022-12-11T18:26:12Z" name="Default test" finished-at="2022-12-11T18:26:12Z" duration-ms="698">
      <class name="pojo.CNestedJson">
        <test-method signature="nestedJson()[pri:0, instance:pojo.CNestedJson@479ceda0]" started-at="2022-12-11T18:26:12Z" name="nestedJson" finished-at="2022-12-11T18:26:12Z" duration-ms="636" status="PASS">
          <reporter-output>
          </reporter-output>
        </test-method> <!-- nestedJson -->
      </class> <!-- pojo.CNestedJson -->
    </test> <!-- Default test -->
  </suite> <!-- Default suite -->
</testng-results>
